<?xml version="1.0" encoding="UTF-8"?>
<!-- Generated by org.testng.reporters.JUnitReportReporter -->
<testsuite skipped="0" hostname="DESKTOP-2H7LN3B" name="com.inetbanking.testCases.TC_LoginTest_001" tests="1" failures="0" timestamp="04 Jan 2020 12:21:35 GMT" time="3.191" errors="0">
  <testcase name="LoginTest" time="3.191" classname="com.inetbanking.testCases.TC_LoginTest_001"/>
</testsuite> <!-- com.inetbanking.testCases.TC_LoginTest_001 -->
